{"/Users/porch/Desktop/roverproject/src/controller/index.js": {"path":"/Users/porch/Desktop/roverproject/src/controller/index.js","statementMap":{},"fnMap":{},"branchMap":{},"s":{},"f":{},"b":{},"_coverageSchema":"1a1c01bbd47fc00a2c39e90264f33305004495a9","hash":"538200ce1357059636a694dd7c4cd3d6f7c0dc0d"}
,"/Users/porch/Desktop/roverproject/src/controller/rover/index.js": {"path":"/Users/porch/Desktop/roverproject/src/controller/rover/index.js","statementMap":{},"fnMap":{},"branchMap":{},"s":{},"f":{},"b":{},"_coverageSchema":"1a1c01bbd47fc00a2c39e90264f33305004495a9","hash":"734587200a6fc6311a24aaad9abb11bcfb6c35a6"}
,"/Users/porch/Desktop/roverproject/src/controller/rover/initRoverByInstruction.js": {"path":"/Users/porch/Desktop/roverproject/src/controller/rover/initRoverByInstruction.js","statementMap":{"0":{"start":{"line":7,"column":8},"end":{"line":7,"column":20}},"1":{"start":{"line":9,"column":20},"end":{"line":46,"column":5}},"2":{"start":{"line":11,"column":24},"end":{"line":11,"column":42}},"3":{"start":{"line":12,"column":24},"end":{"line":12,"column":48}},"4":{"start":{"line":13,"column":24},"end":{"line":13,"column":54}},"5":{"start":{"line":14,"column":27},"end":{"line":14,"column":85}},"6":{"start":{"line":15,"column":34},"end":{"line":15,"column":81}},"7":{"start":{"line":16,"column":33},"end":{"line":16,"column":105}},"8":{"start":{"line":17,"column":26},"end":{"line":17,"column":84}},"9":{"start":{"line":18,"column":8},"end":{"line":43,"column":9}},"10":{"start":{"line":19,"column":32},"end":{"line":19,"column":94}},"11":{"start":{"line":20,"column":12},"end":{"line":42,"column":13}},"12":{"start":{"line":22,"column":41},"end":{"line":22,"column":100}},"13":{"start":{"line":23,"column":35},"end":{"line":23,"column":92}},"14":{"start":{"line":24,"column":20},"end":{"line":24,"column":39}},"15":{"start":{"line":25,"column":20},"end":{"line":31,"column":21}},"16":{"start":{"line":26,"column":49},"end":{"line":26,"column":101}},"17":{"start":{"line":27,"column":24},"end":{"line":27,"column":81}},"18":{"start":{"line":29,"column":49},"end":{"line":29,"column":116}},"19":{"start":{"line":30,"column":24},"end":{"line":30,"column":81}},"20":{"start":{"line":32,"column":20},"end":{"line":32,"column":25}},"21":{"start":{"line":35,"column":35},"end":{"line":35,"column":94}},"22":{"start":{"line":36,"column":45},"end":{"line":36,"column":97}},"23":{"start":{"line":37,"column":41},"end":{"line":37,"column":94}},"24":{"start":{"line":38,"column":45},"end":{"line":38,"column":112}},"25":{"start":{"line":39,"column":20},"end":{"line":39,"column":77}},"26":{"start":{"line":40,"column":20},"end":{"line":40,"column":25}},"27":{"start":{"line":45,"column":8},"end":{"line":45,"column":26}},"28":{"start":{"line":48,"column":4},"end":{"line":48,"column":22}}},"fnMap":{"0":{"name":"(anonymous_0)","decl":{"start":{"line":3,"column":15},"end":{"line":3,"column":16}},"loc":{"start":{"line":3,"column":33},"end":{"line":49,"column":1}},"line":3},"1":{"name":"(anonymous_1)","decl":{"start":{"line":9,"column":20},"end":{"line":9,"column":21}},"loc":{"start":{"line":9,"column":41},"end":{"line":46,"column":5}},"line":9}},"branchMap":{"0":{"loc":{"start":{"line":20,"column":12},"end":{"line":42,"column":13}},"type":"switch","locations":[{"start":{"line":21,"column":16},"end":{"line":33,"column":17}},{"start":{"line":34,"column":16},"end":{"line":41,"column":17}}],"line":20},"1":{"loc":{"start":{"line":25,"column":20},"end":{"line":31,"column":21}},"type":"if","locations":[{"start":{"line":25,"column":20},"end":{"line":31,"column":21}},{"start":{"line":28,"column":27},"end":{"line":31,"column":21}}],"line":25}},"s":{"0":2,"1":2,"2":2,"3":2,"4":2,"5":2,"6":2,"7":2,"8":2,"9":2,"10":15,"11":15,"12":10,"13":10,"14":10,"15":10,"16":1,"17":1,"18":9,"19":9,"20":10,"21":5,"22":5,"23":5,"24":5,"25":5,"26":5,"27":2,"28":2},"f":{"0":2,"1":2},"b":{"0":[10,5],"1":[1,9]},"_coverageSchema":"1a1c01bbd47fc00a2c39e90264f33305004495a9","hash":"051584fcfec18b8271488b64439e6b5151818480"}
,"/Users/porch/Desktop/roverproject/src/entity/Rover.js": {"path":"/Users/porch/Desktop/roverproject/src/entity/Rover.js","statementMap":{"0":{"start":{"line":1,"column":21},"end":{"line":11,"column":1}},"1":{"start":{"line":7,"column":8},"end":{"line":7,"column":34}},"2":{"start":{"line":8,"column":8},"end":{"line":8,"column":24}},"3":{"start":{"line":9,"column":8},"end":{"line":9,"column":24}},"4":{"start":{"line":13,"column":26},"end":{"line":16,"column":1}}},"fnMap":{"0":{"name":"(anonymous_0)","decl":{"start":{"line":2,"column":4},"end":{"line":2,"column":5}},"loc":{"start":{"line":6,"column":12},"end":{"line":10,"column":5}},"line":6}},"branchMap":{"0":{"loc":{"start":{"line":2,"column":16},"end":{"line":6,"column":10}},"type":"default-arg","locations":[{"start":{"line":6,"column":8},"end":{"line":6,"column":10}}],"line":2},"1":{"loc":{"start":{"line":3,"column":8},"end":{"line":3,"column":23}},"type":"default-arg","locations":[{"start":{"line":3,"column":20},"end":{"line":3,"column":23}}],"line":3},"2":{"loc":{"start":{"line":4,"column":8},"end":{"line":4,"column":16}},"type":"default-arg","locations":[{"start":{"line":4,"column":15},"end":{"line":4,"column":16}}],"line":4},"3":{"loc":{"start":{"line":5,"column":8},"end":{"line":5,"column":16}},"type":"default-arg","locations":[{"start":{"line":5,"column":15},"end":{"line":5,"column":16}}],"line":5}},"s":{"0":4,"1":8,"2":8,"3":8,"4":4},"f":{"0":8},"b":{"0":[0],"1":[0],"2":[0],"3":[0]},"_coverageSchema":"1a1c01bbd47fc00a2c39e90264f33305004495a9","hash":"1e5d80e4ca6d3fdf7896845e226c1bce39276447"}
,"/Users/porch/Desktop/roverproject/src/entity/index.js": {"path":"/Users/porch/Desktop/roverproject/src/entity/index.js","statementMap":{},"fnMap":{},"branchMap":{},"s":{},"f":{},"b":{},"_coverageSchema":"1a1c01bbd47fc00a2c39e90264f33305004495a9","hash":"d5e1634d7f9844894fad205d5722c962ec5528de"}
,"/Users/porch/Desktop/roverproject/src/entity/map.js": {"path":"/Users/porch/Desktop/roverproject/src/entity/map.js","statementMap":{"0":{"start":{"line":1,"column":23},"end":{"line":7,"column":1}},"1":{"start":{"line":5,"column":8},"end":{"line":5,"column":24}}},"fnMap":{"0":{"name":"(anonymous_0)","decl":{"start":{"line":2,"column":4},"end":{"line":2,"column":5}},"loc":{"start":{"line":4,"column":12},"end":{"line":6,"column":5}},"line":4}},"branchMap":{"0":{"loc":{"start":{"line":2,"column":16},"end":{"line":4,"column":10}},"type":"default-arg","locations":[{"start":{"line":4,"column":8},"end":{"line":4,"column":10}}],"line":2},"1":{"loc":{"start":{"line":3,"column":8},"end":{"line":3,"column":16}},"type":"default-arg","locations":[{"start":{"line":3,"column":15},"end":{"line":3,"column":16}}],"line":3}},"s":{"0":4,"1":3},"f":{"0":3},"b":{"0":[0],"1":[0]},"_coverageSchema":"1a1c01bbd47fc00a2c39e90264f33305004495a9","hash":"1b1e06132038bc66fa5f8188ee9b4032f80d9fe2"}
,"/Users/porch/Desktop/roverproject/src/framework/common/response.js": {"path":"/Users/porch/Desktop/roverproject/src/framework/common/response.js","statementMap":{"0":{"start":{"line":1,"column":31},"end":{"line":9,"column":1}},"1":{"start":{"line":6,"column":8},"end":{"line":6,"column":27}},"2":{"start":{"line":7,"column":8},"end":{"line":7,"column":23}},"3":{"start":{"line":10,"column":29},"end":{"line":26,"column":1}},"4":{"start":{"line":19,"column":8},"end":{"line":19,"column":29}},"5":{"start":{"line":20,"column":8},"end":{"line":20,"column":23}},"6":{"start":{"line":21,"column":8},"end":{"line":21,"column":29}},"7":{"start":{"line":22,"column":8},"end":{"line":22,"column":23}},"8":{"start":{"line":23,"column":8},"end":{"line":23,"column":21}},"9":{"start":{"line":24,"column":8},"end":{"line":24,"column":49}}},"fnMap":{"0":{"name":"(anonymous_0)","decl":{"start":{"line":2,"column":4},"end":{"line":2,"column":5}},"loc":{"start":{"line":5,"column":7},"end":{"line":8,"column":5}},"line":5},"1":{"name":"(anonymous_1)","decl":{"start":{"line":11,"column":4},"end":{"line":11,"column":5}},"loc":{"start":{"line":18,"column":7},"end":{"line":25,"column":5}},"line":18}},"branchMap":{"0":{"loc":{"start":{"line":17,"column":8},"end":{"line":17,"column":29}},"type":"default-arg","locations":[{"start":{"line":17,"column":27},"end":{"line":17,"column":29}}],"line":17}},"s":{"0":2,"1":2,"2":2,"3":2,"4":1,"5":1,"6":1,"7":1,"8":1,"9":1},"f":{"0":2,"1":1},"b":{"0":[0]},"_coverageSchema":"1a1c01bbd47fc00a2c39e90264f33305004495a9","hash":"c64d5f53611d91252cf4dd3fb643337176e1e82a"}
,"/Users/porch/Desktop/roverproject/src/framework/inMemory/index.js": {"path":"/Users/porch/Desktop/roverproject/src/framework/inMemory/index.js","statementMap":{},"fnMap":{},"branchMap":{},"s":{},"f":{},"b":{},"_coverageSchema":"1a1c01bbd47fc00a2c39e90264f33305004495a9","hash":"9b5ddb8549082dab87a9e94c8e16ba080af3bfd2"}
,"/Users/porch/Desktop/roverproject/src/framework/repository/inMemory/index.js": {"path":"/Users/porch/Desktop/roverproject/src/framework/repository/inMemory/index.js","statementMap":{},"fnMap":{},"branchMap":{},"s":{},"f":{},"b":{},"_coverageSchema":"1a1c01bbd47fc00a2c39e90264f33305004495a9","hash":"afac759a8ceb55c23cd706f2850e0f3627cd8218"}
,"/Users/porch/Desktop/roverproject/src/framework/repository/inMemory/map.repository.js": {"path":"/Users/porch/Desktop/roverproject/src/framework/repository/inMemory/map.repository.js","statementMap":{"0":{"start":{"line":6,"column":8},"end":{"line":6,"column":29}},"1":{"start":{"line":9,"column":8},"end":{"line":9,"column":35}},"2":{"start":{"line":10,"column":8},"end":{"line":10,"column":18}}},"fnMap":{"0":{"name":"(anonymous_0)","decl":{"start":{"line":5,"column":12},"end":{"line":5,"column":13}},"loc":{"start":{"line":5,"column":18},"end":{"line":7,"column":5}},"line":5},"1":{"name":"(anonymous_1)","decl":{"start":{"line":8,"column":15},"end":{"line":8,"column":16}},"loc":{"start":{"line":8,"column":24},"end":{"line":11,"column":5}},"line":8}},"branchMap":{},"s":{"0":1,"1":1,"2":1},"f":{"0":1,"1":1},"b":{},"_coverageSchema":"1a1c01bbd47fc00a2c39e90264f33305004495a9","hash":"dd3fd1c07b84e686c3cc33ece24e286086f9940f"}
,"/Users/porch/Desktop/roverproject/src/framework/repository/inMemory/rover.repository.js": {"path":"/Users/porch/Desktop/roverproject/src/framework/repository/inMemory/rover.repository.js","statementMap":{"0":{"start":{"line":5,"column":8},"end":{"line":5,"column":31}},"1":{"start":{"line":8,"column":8},"end":{"line":8,"column":39}},"2":{"start":{"line":9,"column":8},"end":{"line":9,"column":20}}},"fnMap":{"0":{"name":"(anonymous_0)","decl":{"start":{"line":4,"column":14},"end":{"line":4,"column":15}},"loc":{"start":{"line":4,"column":20},"end":{"line":6,"column":5}},"line":4},"1":{"name":"(anonymous_1)","decl":{"start":{"line":7,"column":17},"end":{"line":7,"column":18}},"loc":{"start":{"line":7,"column":28},"end":{"line":10,"column":5}},"line":7}},"branchMap":{},"s":{"0":1,"1":1,"2":1},"f":{"0":1,"1":1},"b":{},"_coverageSchema":"1a1c01bbd47fc00a2c39e90264f33305004495a9","hash":"042834aa2698ee4b8cdb9fac23245728ffd9894e"}
,"/Users/porch/Desktop/roverproject/src/useCase/index.js": {"path":"/Users/porch/Desktop/roverproject/src/useCase/index.js","statementMap":{},"fnMap":{},"branchMap":{},"s":{},"f":{},"b":{},"_coverageSchema":"1a1c01bbd47fc00a2c39e90264f33305004495a9","hash":"162d918f2853d0f58780a1820f3620020dbaa916"}
,"/Users/porch/Desktop/roverproject/src/useCase/map/detectEdge.js": {"path":"/Users/porch/Desktop/roverproject/src/useCase/map/detectEdge.js","statementMap":{"0":{"start":{"line":4,"column":8},"end":{"line":4,"column":20}},"1":{"start":{"line":8,"column":20},"end":{"line":17,"column":5}},"2":{"start":{"line":9,"column":31},"end":{"line":9,"column":45}},"3":{"start":{"line":10,"column":31},"end":{"line":10,"column":53}},"4":{"start":{"line":11,"column":24},"end":{"line":11,"column":43}},"5":{"start":{"line":12,"column":8},"end":{"line":16,"column":9}},"6":{"start":{"line":13,"column":12},"end":{"line":13,"column":23}},"7":{"start":{"line":15,"column":12},"end":{"line":15,"column":24}},"8":{"start":{"line":19,"column":4},"end":{"line":19,"column":22}}},"fnMap":{"0":{"name":"(anonymous_0)","decl":{"start":{"line":1,"column":15},"end":{"line":1,"column":16}},"loc":{"start":{"line":1,"column":33},"end":{"line":20,"column":1}},"line":1},"1":{"name":"(anonymous_1)","decl":{"start":{"line":8,"column":20},"end":{"line":8,"column":21}},"loc":{"start":{"line":8,"column":40},"end":{"line":17,"column":5}},"line":8}},"branchMap":{"0":{"loc":{"start":{"line":12,"column":8},"end":{"line":16,"column":9}},"type":"if","locations":[{"start":{"line":12,"column":8},"end":{"line":16,"column":9}},{"start":{"line":14,"column":15},"end":{"line":16,"column":9}}],"line":12},"1":{"loc":{"start":{"line":12,"column":12},"end":{"line":12,"column":72}},"type":"binary-expr","locations":[{"start":{"line":12,"column":13},"end":{"line":12,"column":27}},{"start":{"line":12,"column":31},"end":{"line":12,"column":45}},{"start":{"line":12,"column":51},"end":{"line":12,"column":59}},{"start":{"line":12,"column":63},"end":{"line":12,"column":71}}],"line":12}},"s":{"0":2,"1":2,"2":2,"3":2,"4":2,"5":2,"6":1,"7":1,"8":2},"f":{"0":2,"1":2},"b":{"0":[1,1],"1":[2,1,1,1]},"_coverageSchema":"1a1c01bbd47fc00a2c39e90264f33305004495a9","hash":"67abc8f2f561956ecf6403f9d148cfc01538be71"}
,"/Users/porch/Desktop/roverproject/src/useCase/map/getMap.useCase.js": {"path":"/Users/porch/Desktop/roverproject/src/useCase/map/getMap.useCase.js","statementMap":{"0":{"start":{"line":4,"column":8},"end":{"line":4,"column":20}},"1":{"start":{"line":6,"column":20},"end":{"line":8,"column":5}},"2":{"start":{"line":7,"column":8},"end":{"line":7,"column":37}},"3":{"start":{"line":10,"column":4},"end":{"line":10,"column":22}}},"fnMap":{"0":{"name":"(anonymous_0)","decl":{"start":{"line":1,"column":15},"end":{"line":1,"column":16}},"loc":{"start":{"line":1,"column":33},"end":{"line":11,"column":1}},"line":1},"1":{"name":"(anonymous_1)","decl":{"start":{"line":6,"column":20},"end":{"line":6,"column":21}},"loc":{"start":{"line":6,"column":26},"end":{"line":8,"column":5}},"line":6}},"branchMap":{},"s":{"0":1,"1":1,"2":1,"3":1},"f":{"0":1,"1":1},"b":{},"_coverageSchema":"1a1c01bbd47fc00a2c39e90264f33305004495a9","hash":"dc495cfd1c5ac0a51ed1de92e1c0ce9d934cf4cd"}
,"/Users/porch/Desktop/roverproject/src/useCase/map/index.js": {"path":"/Users/porch/Desktop/roverproject/src/useCase/map/index.js","statementMap":{},"fnMap":{},"branchMap":{},"s":{},"f":{},"b":{},"_coverageSchema":"1a1c01bbd47fc00a2c39e90264f33305004495a9","hash":"2299355dd2179ca16d97dd36dfd0200f8192d457"}
,"/Users/porch/Desktop/roverproject/src/useCase/map/updateMap.useCase.js": {"path":"/Users/porch/Desktop/roverproject/src/useCase/map/updateMap.useCase.js","statementMap":{"0":{"start":{"line":4,"column":8},"end":{"line":4,"column":20}},"1":{"start":{"line":8,"column":20},"end":{"line":10,"column":5}},"2":{"start":{"line":9,"column":8},"end":{"line":9,"column":47}},"3":{"start":{"line":12,"column":4},"end":{"line":12,"column":22}}},"fnMap":{"0":{"name":"(anonymous_0)","decl":{"start":{"line":1,"column":15},"end":{"line":1,"column":16}},"loc":{"start":{"line":1,"column":33},"end":{"line":13,"column":1}},"line":1},"1":{"name":"(anonymous_1)","decl":{"start":{"line":8,"column":20},"end":{"line":8,"column":21}},"loc":{"start":{"line":8,"column":33},"end":{"line":10,"column":5}},"line":8}},"branchMap":{},"s":{"0":1,"1":1,"2":1,"3":1},"f":{"0":1,"1":1},"b":{},"_coverageSchema":"1a1c01bbd47fc00a2c39e90264f33305004495a9","hash":"8718df012ba9b144f7f4edf5ecbaac471e303061"}
,"/Users/porch/Desktop/roverproject/src/useCase/rover/getRover.useCase.js": {"path":"/Users/porch/Desktop/roverproject/src/useCase/rover/getRover.useCase.js","statementMap":{"0":{"start":{"line":4,"column":8},"end":{"line":4,"column":20}},"1":{"start":{"line":8,"column":20},"end":{"line":10,"column":5}},"2":{"start":{"line":9,"column":8},"end":{"line":9,"column":41}},"3":{"start":{"line":12,"column":4},"end":{"line":12,"column":22}}},"fnMap":{"0":{"name":"(anonymous_0)","decl":{"start":{"line":1,"column":15},"end":{"line":1,"column":16}},"loc":{"start":{"line":1,"column":33},"end":{"line":13,"column":1}},"line":1},"1":{"name":"(anonymous_1)","decl":{"start":{"line":8,"column":20},"end":{"line":8,"column":21}},"loc":{"start":{"line":8,"column":26},"end":{"line":10,"column":5}},"line":8}},"branchMap":{},"s":{"0":1,"1":1,"2":1,"3":1},"f":{"0":1,"1":1},"b":{},"_coverageSchema":"1a1c01bbd47fc00a2c39e90264f33305004495a9","hash":"b06e2837d2a32a19883ea57c691d659b5f017b67"}
,"/Users/porch/Desktop/roverproject/src/useCase/rover/index.js": {"path":"/Users/porch/Desktop/roverproject/src/useCase/rover/index.js","statementMap":{},"fnMap":{},"branchMap":{},"s":{},"f":{},"b":{},"_coverageSchema":"1a1c01bbd47fc00a2c39e90264f33305004495a9","hash":"12300682d3454157f60878f466ee7edc1bf10ab6"}
,"/Users/porch/Desktop/roverproject/src/useCase/rover/moveRover.useCase.js": {"path":"/Users/porch/Desktop/roverproject/src/useCase/rover/moveRover.useCase.js","statementMap":{"0":{"start":{"line":4,"column":8},"end":{"line":4,"column":20}},"1":{"start":{"line":8,"column":20},"end":{"line":30,"column":5}},"2":{"start":{"line":9,"column":33},"end":{"line":9,"column":59}},"3":{"start":{"line":10,"column":24},"end":{"line":10,"column":49}},"4":{"start":{"line":11,"column":8},"end":{"line":24,"column":9}},"5":{"start":{"line":13,"column":16},"end":{"line":13,"column":53}},"6":{"start":{"line":14,"column":16},"end":{"line":14,"column":21}},"7":{"start":{"line":16,"column":16},"end":{"line":16,"column":53}},"8":{"start":{"line":17,"column":16},"end":{"line":17,"column":21}},"9":{"start":{"line":19,"column":16},"end":{"line":19,"column":54}},"10":{"start":{"line":20,"column":16},"end":{"line":20,"column":21}},"11":{"start":{"line":22,"column":16},"end":{"line":22,"column":54}},"12":{"start":{"line":23,"column":16},"end":{"line":23,"column":21}},"13":{"start":{"line":25,"column":29},"end":{"line":28,"column":9}},"14":{"start":{"line":29,"column":8},"end":{"line":29,"column":27}},"15":{"start":{"line":32,"column":4},"end":{"line":32,"column":22}}},"fnMap":{"0":{"name":"(anonymous_0)","decl":{"start":{"line":1,"column":15},"end":{"line":1,"column":16}},"loc":{"start":{"line":1,"column":33},"end":{"line":33,"column":1}},"line":1},"1":{"name":"(anonymous_1)","decl":{"start":{"line":8,"column":20},"end":{"line":8,"column":21}},"loc":{"start":{"line":8,"column":26},"end":{"line":30,"column":5}},"line":8}},"branchMap":{"0":{"loc":{"start":{"line":11,"column":8},"end":{"line":24,"column":9}},"type":"switch","locations":[{"start":{"line":12,"column":12},"end":{"line":14,"column":21}},{"start":{"line":15,"column":12},"end":{"line":17,"column":21}},{"start":{"line":18,"column":12},"end":{"line":20,"column":21}},{"start":{"line":21,"column":12},"end":{"line":23,"column":21}}],"line":11}},"s":{"0":4,"1":4,"2":4,"3":4,"4":4,"5":1,"6":1,"7":1,"8":1,"9":1,"10":1,"11":1,"12":1,"13":4,"14":4,"15":4},"f":{"0":4,"1":4},"b":{"0":[1,1,1,1]},"_coverageSchema":"1a1c01bbd47fc00a2c39e90264f33305004495a9","hash":"9a1e06553750224dabc2ef9a9aab8dbb3be8100a"}
,"/Users/porch/Desktop/roverproject/src/useCase/rover/turnRover.useCase.js": {"path":"/Users/porch/Desktop/roverproject/src/useCase/rover/turnRover.useCase.js","statementMap":{"0":{"start":{"line":4,"column":8},"end":{"line":4,"column":20}},"1":{"start":{"line":8,"column":20},"end":{"line":26,"column":5}},"2":{"start":{"line":9,"column":33},"end":{"line":9,"column":59}},"3":{"start":{"line":10,"column":36},"end":{"line":23,"column":9}},"4":{"start":{"line":24,"column":29},"end":{"line":24,"column":84}},"5":{"start":{"line":25,"column":8},"end":{"line":25,"column":27}},"6":{"start":{"line":28,"column":4},"end":{"line":28,"column":22}}},"fnMap":{"0":{"name":"(anonymous_0)","decl":{"start":{"line":1,"column":15},"end":{"line":1,"column":16}},"loc":{"start":{"line":1,"column":33},"end":{"line":29,"column":1}},"line":1},"1":{"name":"(anonymous_1)","decl":{"start":{"line":8,"column":20},"end":{"line":8,"column":21}},"loc":{"start":{"line":8,"column":32},"end":{"line":26,"column":5}},"line":8}},"branchMap":{},"s":{"0":8,"1":8,"2":8,"3":8,"4":8,"5":8,"6":8},"f":{"0":8,"1":8},"b":{},"_coverageSchema":"1a1c01bbd47fc00a2c39e90264f33305004495a9","hash":"903efb45bff1c8a8ed2dddbe7437388203677f19"}
,"/Users/porch/Desktop/roverproject/src/useCase/rover/updateRover.useCase.js": {"path":"/Users/porch/Desktop/roverproject/src/useCase/rover/updateRover.useCase.js","statementMap":{"0":{"start":{"line":4,"column":8},"end":{"line":4,"column":20}},"1":{"start":{"line":8,"column":20},"end":{"line":10,"column":5}},"2":{"start":{"line":9,"column":8},"end":{"line":9,"column":53}},"3":{"start":{"line":12,"column":4},"end":{"line":12,"column":22}}},"fnMap":{"0":{"name":"(anonymous_0)","decl":{"start":{"line":1,"column":15},"end":{"line":1,"column":16}},"loc":{"start":{"line":1,"column":33},"end":{"line":13,"column":1}},"line":1},"1":{"name":"(anonymous_1)","decl":{"start":{"line":8,"column":20},"end":{"line":8,"column":21}},"loc":{"start":{"line":8,"column":35},"end":{"line":10,"column":5}},"line":8}},"branchMap":{},"s":{"0":1,"1":1,"2":1,"3":1},"f":{"0":1,"1":1},"b":{},"_coverageSchema":"1a1c01bbd47fc00a2c39e90264f33305004495a9","hash":"e2c51c3329a1955c4d5e900ca7f19b5cb8d5b7a6"}
,"/Users/porch/Desktop/roverproject/src/useCase/rover/validateRoverAction.useCase.js": {"path":"/Users/porch/Desktop/roverproject/src/useCase/rover/validateRoverAction.useCase.js","statementMap":{"0":{"start":{"line":5,"column":20},"end":{"line":20,"column":5}},"1":{"start":{"line":6,"column":28},"end":{"line":6,"column":43}},"2":{"start":{"line":7,"column":8},"end":{"line":19,"column":9}},"3":{"start":{"line":8,"column":12},"end":{"line":12,"column":13}},"4":{"start":{"line":9,"column":16},"end":{"line":9,"column":38}},"5":{"start":{"line":11,"column":16},"end":{"line":11,"column":38}},"6":{"start":{"line":14,"column":12},"end":{"line":18,"column":14}},"7":{"start":{"line":22,"column":4},"end":{"line":22,"column":22}}},"fnMap":{"0":{"name":"(anonymous_0)","decl":{"start":{"line":4,"column":15},"end":{"line":4,"column":16}},"loc":{"start":{"line":4,"column":21},"end":{"line":23,"column":1}},"line":4},"1":{"name":"(anonymous_1)","decl":{"start":{"line":5,"column":20},"end":{"line":5,"column":21}},"loc":{"start":{"line":5,"column":32},"end":{"line":20,"column":5}},"line":5}},"branchMap":{"0":{"loc":{"start":{"line":7,"column":8},"end":{"line":19,"column":9}},"type":"if","locations":[{"start":{"line":7,"column":8},"end":{"line":19,"column":9}},{"start":{"line":13,"column":15},"end":{"line":19,"column":9}}],"line":7},"1":{"loc":{"start":{"line":8,"column":12},"end":{"line":12,"column":13}},"type":"if","locations":[{"start":{"line":8,"column":12},"end":{"line":12,"column":13}},{"start":{"line":10,"column":19},"end":{"line":12,"column":13}}],"line":8}},"s":{"0":4,"1":4,"2":4,"3":3,"4":1,"5":2,"6":1,"7":4},"f":{"0":4,"1":4},"b":{"0":[3,1],"1":[1,2]},"_coverageSchema":"1a1c01bbd47fc00a2c39e90264f33305004495a9","hash":"deb089d52e88ead88b7441b934d0b8e93a61fbb3"}
}
